<?xml version="1.0" encoding="UTF-8"?>
<testsuite xmlns:xsi="http://www.w3.org/2001/XMLSchema-instance" xsi:noNamespaceSchemaLocation="https://maven.apache.org/surefire/maven-surefire-plugin/xsd/surefire-test-report-3.0.xsd" version="3.0" name="cucumber.options.TestRunner" time="6.529" tests="2" errors="0" skipped="0" failures="0">
  <properties>
    <property name="java.specification.version" value="17"/>
    <property name="sun.cpu.isalist" value="amd64"/>
    <property name="sun.jnu.encoding" value="Cp1252"/>
    <property name="java.class.path" value="D:\RestAssuredAPIFramework\APIFramework\target\test-classes;D:\RestAssuredAPIFramework\APIFramework\target\classes;C:\Users\S Nigalyasree\.m2\repository\io\rest-assured\rest-assured\5.5.0\rest-assured-5.5.0.jar;C:\Users\S Nigalyasree\.m2\repository\org\apache\groovy\groovy\4.0.22\groovy-4.0.22.jar;C:\Users\S Nigalyasree\.m2\repository\org\apache\groovy\groovy-xml\4.0.22\groovy-xml-4.0.22.jar;C:\Users\S Nigalyasree\.m2\repository\org\apache\httpcomponents\httpclient\4.5.13\httpclient-4.5.13.jar;C:\Users\S Nigalyasree\.m2\repository\org\apache\httpcomponents\httpcore\4.4.13\httpcore-4.4.13.jar;C:\Users\S Nigalyasree\.m2\repository\commons-logging\commons-logging\1.2\commons-logging-1.2.jar;C:\Users\S Nigalyasree\.m2\repository\commons-codec\commons-codec\1.11\commons-codec-1.11.jar;C:\Users\S Nigalyasree\.m2\repository\org\apache\httpcomponents\httpmime\4.5.13\httpmime-4.5.13.jar;C:\Users\S Nigalyasree\.m2\repository\org\hamcrest\hamcrest\2.2\hamcrest-2.2.jar;C:\Users\S Nigalyasree\.m2\repository\org\ccil\cowan\tagsoup\tagsoup\1.2.1\tagsoup-1.2.1.jar;C:\Users\S Nigalyasree\.m2\repository\io\rest-assured\json-path\5.5.0\json-path-5.5.0.jar;C:\Users\S Nigalyasree\.m2\repository\org\apache\groovy\groovy-json\4.0.22\groovy-json-4.0.22.jar;C:\Users\S Nigalyasree\.m2\repository\io\rest-assured\rest-assured-common\5.5.0\rest-assured-common-5.5.0.jar;C:\Users\S Nigalyasree\.m2\repository\io\rest-assured\xml-path\5.5.0\xml-path-5.5.0.jar;C:\Users\S Nigalyasree\.m2\repository\org\apache\commons\commons-lang3\3.11\commons-lang3-3.11.jar;C:\Users\S Nigalyasree\.m2\repository\com\fasterxml\jackson\core\jackson-databind\2.18.0\jackson-databind-2.18.0.jar;C:\Users\S Nigalyasree\.m2\repository\com\fasterxml\jackson\core\jackson-annotations\2.18.0\jackson-annotations-2.18.0.jar;C:\Users\S Nigalyasree\.m2\repository\com\fasterxml\jackson\core\jackson-core\2.18.0\jackson-core-2.18.0.jar;C:\Users\S Nigalyasree\.m2\repository\io\cucumber\cucumber-java\7.20.1\cucumber-java-7.20.1.jar;C:\Users\S Nigalyasree\.m2\repository\io\cucumber\cucumber-core\7.20.1\cucumber-core-7.20.1.jar;C:\Users\S Nigalyasree\.m2\repository\io\cucumber\cucumber-gherkin\7.20.1\cucumber-gherkin-7.20.1.jar;C:\Users\S Nigalyasree\.m2\repository\io\cucumber\cucumber-gherkin-messages\7.20.1\cucumber-gherkin-messages-7.20.1.jar;C:\Users\S Nigalyasree\.m2\repository\io\cucumber\gherkin\28.0.0\gherkin-28.0.0.jar;C:\Users\S Nigalyasree\.m2\repository\io\cucumber\messages\24.1.0\messages-24.1.0.jar;C:\Users\S Nigalyasree\.m2\repository\io\cucumber\testng-xml-formatter\0.2.0\testng-xml-formatter-0.2.0.jar;C:\Users\S Nigalyasree\.m2\repository\io\cucumber\query\12.2.0\query-12.2.0.jar;C:\Users\S Nigalyasree\.m2\repository\io\cucumber\tag-expressions\6.1.0\tag-expressions-6.1.0.jar;C:\Users\S Nigalyasree\.m2\repository\io\cucumber\cucumber-expressions\17.1.0\cucumber-expressions-17.1.0.jar;C:\Users\S Nigalyasree\.m2\repository\io\cucumber\datatable\7.20.1\datatable-7.20.1.jar;C:\Users\S Nigalyasree\.m2\repository\io\cucumber\cucumber-plugin\7.20.1\cucumber-plugin-7.20.1.jar;C:\Users\S Nigalyasree\.m2\repository\io\cucumber\docstring\7.20.1\docstring-7.20.1.jar;C:\Users\S Nigalyasree\.m2\repository\io\cucumber\html-formatter\21.7.0\html-formatter-21.7.0.jar;C:\Users\S Nigalyasree\.m2\repository\io\cucumber\junit-xml-formatter\0.5.0\junit-xml-formatter-0.5.0.jar;C:\Users\S Nigalyasree\.m2\repository\io\cucumber\ci-environment\10.0.1\ci-environment-10.0.1.jar;C:\Users\S Nigalyasree\.m2\repository\org\apiguardian\apiguardian-api\1.1.2\apiguardian-api-1.1.2.jar;C:\Users\S Nigalyasree\.m2\repository\io\cucumber\cucumber-junit\7.20.1\cucumber-junit-7.20.1.jar;C:\Users\S Nigalyasree\.m2\repository\org\codehaus\groovy\groovy\3.0.22\groovy-3.0.22.jar;C:\Users\S Nigalyasree\.m2\repository\junit\junit\4.11\junit-4.11.jar;C:\Users\S Nigalyasree\.m2\repository\org\hamcrest\hamcrest-core\1.3\hamcrest-core-1.3.jar;C:\Users\S Nigalyasree\.m2\repository\org\projectlombok\lombok\1.18.32\lombok-1.18.32.jar;C:\Users\S Nigalyasree\.m2\repository\com\jayway\jsonpath\json-path\2.9.0\json-path-2.9.0.jar;C:\Users\S Nigalyasree\.m2\repository\net\minidev\json-smart\2.5.0\json-smart-2.5.0.jar;C:\Users\S Nigalyasree\.m2\repository\net\minidev\accessors-smart\2.5.0\accessors-smart-2.5.0.jar;C:\Users\S Nigalyasree\.m2\repository\org\ow2\asm\asm\9.3\asm-9.3.jar;C:\Users\S Nigalyasree\.m2\repository\org\slf4j\slf4j-api\2.0.11\slf4j-api-2.0.11.jar;"/>
    <property name="java.vm.vendor" value="Eclipse Adoptium"/>
    <property name="sun.arch.data.model" value="64"/>
    <property name="user.variant" value=""/>
    <property name="java.vendor.url" value="https://adoptium.net/"/>
    <property name="user.timezone" value="Asia/Calcutta"/>
    <property name="os.name" value="Windows 11"/>
    <property name="java.vm.specification.version" value="17"/>
    <property name="sun.java.launcher" value="SUN_STANDARD"/>
    <property name="user.country" value="IN"/>
    <property name="sun.boot.library.path" value="C:\Users\S Nigalyasree\.p2\pool\plugins\org.eclipse.justj.openjdk.hotspot.jre.full.win32.x86_64_17.0.9.v20231028-0858\jre\bin"/>
    <property name="sun.java.command" value="C:\Users\S Nigalyasree\AppData\Local\Temp\surefire9220202613669167936\surefirebooter-20241027191700121_3.jar C:\Users\S Nigalyasree\AppData\Local\Temp\surefire9220202613669167936 2024-10-27T19-16-59_961-jvmRun1 surefire-20241027191700121_1tmp surefire_0-20241027191700121_2tmp"/>
    <property name="jdk.debug" value="release"/>
    <property name="surefire.test.class.path" value="D:\RestAssuredAPIFramework\APIFramework\target\test-classes;D:\RestAssuredAPIFramework\APIFramework\target\classes;C:\Users\S Nigalyasree\.m2\repository\io\rest-assured\rest-assured\5.5.0\rest-assured-5.5.0.jar;C:\Users\S Nigalyasree\.m2\repository\org\apache\groovy\groovy\4.0.22\groovy-4.0.22.jar;C:\Users\S Nigalyasree\.m2\repository\org\apache\groovy\groovy-xml\4.0.22\groovy-xml-4.0.22.jar;C:\Users\S Nigalyasree\.m2\repository\org\apache\httpcomponents\httpclient\4.5.13\httpclient-4.5.13.jar;C:\Users\S Nigalyasree\.m2\repository\org\apache\httpcomponents\httpcore\4.4.13\httpcore-4.4.13.jar;C:\Users\S Nigalyasree\.m2\repository\commons-logging\commons-logging\1.2\commons-logging-1.2.jar;C:\Users\S Nigalyasree\.m2\repository\commons-codec\commons-codec\1.11\commons-codec-1.11.jar;C:\Users\S Nigalyasree\.m2\repository\org\apache\httpcomponents\httpmime\4.5.13\httpmime-4.5.13.jar;C:\Users\S Nigalyasree\.m2\repository\org\hamcrest\hamcrest\2.2\hamcrest-2.2.jar;C:\Users\S Nigalyasree\.m2\repository\org\ccil\cowan\tagsoup\tagsoup\1.2.1\tagsoup-1.2.1.jar;C:\Users\S Nigalyasree\.m2\repository\io\rest-assured\json-path\5.5.0\json-path-5.5.0.jar;C:\Users\S Nigalyasree\.m2\repository\org\apache\groovy\groovy-json\4.0.22\groovy-json-4.0.22.jar;C:\Users\S Nigalyasree\.m2\repository\io\rest-assured\rest-assured-common\5.5.0\rest-assured-common-5.5.0.jar;C:\Users\S Nigalyasree\.m2\repository\io\rest-assured\xml-path\5.5.0\xml-path-5.5.0.jar;C:\Users\S Nigalyasree\.m2\repository\org\apache\commons\commons-lang3\3.11\commons-lang3-3.11.jar;C:\Users\S Nigalyasree\.m2\repository\com\fasterxml\jackson\core\jackson-databind\2.18.0\jackson-databind-2.18.0.jar;C:\Users\S Nigalyasree\.m2\repository\com\fasterxml\jackson\core\jackson-annotations\2.18.0\jackson-annotations-2.18.0.jar;C:\Users\S Nigalyasree\.m2\repository\com\fasterxml\jackson\core\jackson-core\2.18.0\jackson-core-2.18.0.jar;C:\Users\S Nigalyasree\.m2\repository\io\cucumber\cucumber-java\7.20.1\cucumber-java-7.20.1.jar;C:\Users\S Nigalyasree\.m2\repository\io\cucumber\cucumber-core\7.20.1\cucumber-core-7.20.1.jar;C:\Users\S Nigalyasree\.m2\repository\io\cucumber\cucumber-gherkin\7.20.1\cucumber-gherkin-7.20.1.jar;C:\Users\S Nigalyasree\.m2\repository\io\cucumber\cucumber-gherkin-messages\7.20.1\cucumber-gherkin-messages-7.20.1.jar;C:\Users\S Nigalyasree\.m2\repository\io\cucumber\gherkin\28.0.0\gherkin-28.0.0.jar;C:\Users\S Nigalyasree\.m2\repository\io\cucumber\messages\24.1.0\messages-24.1.0.jar;C:\Users\S Nigalyasree\.m2\repository\io\cucumber\testng-xml-formatter\0.2.0\testng-xml-formatter-0.2.0.jar;C:\Users\S Nigalyasree\.m2\repository\io\cucumber\query\12.2.0\query-12.2.0.jar;C:\Users\S Nigalyasree\.m2\repository\io\cucumber\tag-expressions\6.1.0\tag-expressions-6.1.0.jar;C:\Users\S Nigalyasree\.m2\repository\io\cucumber\cucumber-expressions\17.1.0\cucumber-expressions-17.1.0.jar;C:\Users\S Nigalyasree\.m2\repository\io\cucumber\datatable\7.20.1\datatable-7.20.1.jar;C:\Users\S Nigalyasree\.m2\repository\io\cucumber\cucumber-plugin\7.20.1\cucumber-plugin-7.20.1.jar;C:\Users\S Nigalyasree\.m2\repository\io\cucumber\docstring\7.20.1\docstring-7.20.1.jar;C:\Users\S Nigalyasree\.m2\repository\io\cucumber\html-formatter\21.7.0\html-formatter-21.7.0.jar;C:\Users\S Nigalyasree\.m2\repository\io\cucumber\junit-xml-formatter\0.5.0\junit-xml-formatter-0.5.0.jar;C:\Users\S Nigalyasree\.m2\repository\io\cucumber\ci-environment\10.0.1\ci-environment-10.0.1.jar;C:\Users\S Nigalyasree\.m2\repository\org\apiguardian\apiguardian-api\1.1.2\apiguardian-api-1.1.2.jar;C:\Users\S Nigalyasree\.m2\repository\io\cucumber\cucumber-junit\7.20.1\cucumber-junit-7.20.1.jar;C:\Users\S Nigalyasree\.m2\repository\org\codehaus\groovy\groovy\3.0.22\groovy-3.0.22.jar;C:\Users\S Nigalyasree\.m2\repository\junit\junit\4.11\junit-4.11.jar;C:\Users\S Nigalyasree\.m2\repository\org\hamcrest\hamcrest-core\1.3\hamcrest-core-1.3.jar;C:\Users\S Nigalyasree\.m2\repository\org\projectlombok\lombok\1.18.32\lombok-1.18.32.jar;C:\Users\S Nigalyasree\.m2\repository\com\jayway\jsonpath\json-path\2.9.0\json-path-2.9.0.jar;C:\Users\S Nigalyasree\.m2\repository\net\minidev\json-smart\2.5.0\json-smart-2.5.0.jar;C:\Users\S Nigalyasree\.m2\repository\net\minidev\accessors-smart\2.5.0\accessors-smart-2.5.0.jar;C:\Users\S Nigalyasree\.m2\repository\org\ow2\asm\asm\9.3\asm-9.3.jar;C:\Users\S Nigalyasree\.m2\repository\org\slf4j\slf4j-api\2.0.11\slf4j-api-2.0.11.jar;"/>
    <property name="sun.cpu.endian" value="little"/>
    <property name="user.home" value="C:\Users\S Nigalyasree"/>
    <property name="user.language" value="en"/>
    <property name="java.specification.vendor" value="Oracle Corporation"/>
    <property name="java.version.date" value="2023-10-17"/>
    <property name="java.home" value="C:\Users\S Nigalyasree\.p2\pool\plugins\org.eclipse.justj.openjdk.hotspot.jre.full.win32.x86_64_17.0.9.v20231028-0858\jre"/>
    <property name="file.separator" value="\"/>
    <property name="style.color" value="always"/>
    <property name="basedir" value="D:\RestAssuredAPIFramework\APIFramework"/>
    <property name="java.vm.compressedOopsMode" value="Zero based"/>
    <property name="line.separator" value="&#10;"/>
    <property name="java.vm.specification.vendor" value="Oracle Corporation"/>
    <property name="java.specification.name" value="Java Platform API Specification"/>
    <property name="surefire.real.class.path" value="C:\Users\S Nigalyasree\AppData\Local\Temp\surefire9220202613669167936\surefirebooter-20241027191700121_3.jar"/>
    <property name="user.script" value=""/>
    <property name="sun.management.compiler" value="HotSpot 64-Bit Tiered Compilers"/>
    <property name="java.runtime.version" value="17.0.9+9"/>
    <property name="user.name" value="S Nigalyasree"/>
    <property name="path.separator" value=";"/>
    <property name="os.version" value="10.0"/>
    <property name="java.runtime.name" value="OpenJDK Runtime Environment"/>
    <property name="file.encoding" value="Cp1252"/>
    <property name="java.vm.name" value="OpenJDK 64-Bit Server VM"/>
    <property name="java.vendor.version" value="Temurin-17.0.9+9"/>
    <property name="localRepository" value="C:\Users\S Nigalyasree\.m2\repository"/>
    <property name="java.vendor.url.bug" value="https://github.com/adoptium/adoptium-support/issues"/>
    <property name="java.io.tmpdir" value="C:\Users\SNIGAL~1\AppData\Local\Temp\"/>
    <property name="java.version" value="17.0.9"/>
    <property name="user.dir" value="D:\RestAssuredAPIFramework\APIFramework"/>
    <property name="os.arch" value="amd64"/>
    <property name="java.vm.specification.name" value="Java Virtual Machine Specification"/>
    <property name="sun.os.patch.level" value=""/>
    <property name="native.encoding" value="Cp1252"/>
    <property name="java.library.path" value="C:\Users\S Nigalyasree\.p2\pool\plugins\org.eclipse.justj.openjdk.hotspot.jre.full.win32.x86_64_17.0.9.v20231028-0858\jre\bin;C:\windows\Sun\Java\bin;C:\windows\system32;C:\windows;C:/Users/S Nigalyasree/.p2/pool/plugins/org.eclipse.justj.openjdk.hotspot.jre.full.win32.x86_64_17.0.9.v20231028-0858/jre/bin/server;C:/Users/S Nigalyasree/.p2/pool/plugins/org.eclipse.justj.openjdk.hotspot.jre.full.win32.x86_64_17.0.9.v20231028-0858/jre/bin;C:\Python312\Scripts\;C:\Python312\;C:\Program Files (x86)\TRICENTIS\Tosca Testsuite\ToscaCommander;;C:\Program Files\Common Files\Oracle\Java\javapath;C:\windows\system32;C:\windows;C:\windows\System32\Wbem;C:\windows\System32\WindowsPowerShell\v1.0\;C:\windows\System32\OpenSSH\;E:\Softwares\apache-maven-3.9.5-bin\apache-maven-3.9.5\bin;C:\Program Files\Java\jdk-11\bin;C:\Program Files\dotnet\;C:\Program Files\Git\cmd;E:\Softwares\apache-maven-3.9.5-bin\apache-maven-3.9.5\bin;C:\Program Files\nodejs\;C:\ProgramData\chocolatey\bin;C:\Users\S Nigalyasree\AppData\Local\Android\Sdk;C:\Users\S Nigalyasree\AppData\Local\Android\Sdk\platform-tools;C:\Users\S Nigalyasree\AppData\Local\Microsoft\WindowsApps;C:\Users\S Nigalyasree\AppData\Roaming\npm;C:\Users\S Nigalyasree\AppData\Local\Programs\Microsoft VS Code\bin;C:\Users\S Nigalyasree\OneDrive\Desktop;;."/>
    <property name="java.vm.info" value="mixed mode"/>
    <property name="java.vendor" value="Eclipse Adoptium"/>
    <property name="java.vm.version" value="17.0.9+9"/>
    <property name="sun.io.unicode.encoding" value="UnicodeLittle"/>
    <property name="java.class.version" value="61.0"/>
  </properties>
  <testcase name="To verify Add Place API" classname="Verify Place API&apos;s" time="3.966">
    <system-out><![CDATA[
@PlaceAPI @AddPlace
Scenario Outline: To verify Add Place API                                                # src/test/java/features/PlaceAPI.feature:17
  Given Add Place Payload with "Backyard house" "German"  and "31, side layout, neww 09" # stepDefinitions.StepDefinitions.add_place_payload_with_and(java.lang.String,java.lang.String,java.lang.String)
Request method:	POST
Request URI:	https://rahulshettyacademy.com/maps/api/place/add/json?key=qaclick123
Proxy:			<none>
Request params:	<none>
Query params:	key=qaclick123
Form params:	<none>
Path params:	<none>
Headers:		Accept=*/*
				Content-Type=application/json
Cookies:		<none>
Multiparts:		<none>
Body:
{
    "location": {
        "lat": -32.523494,
        "lng": 31.32532525
    },
    "accuracy": 51,
    "name": "Backyard house",
    "phone_number": "(+91) 215 893 3937",
    "address": "31, side layout, neww 09",
    "types": [
        "shoe park",
        "shop"
    ],
    "website": "http://google.com",
    "language": "German"
}
HTTP/1.1 200 OK
Date: Sun, 27 Oct 2024 13:47:02 GMT
Server: Apache/2.4.52 (Ubuntu)
Access-Control-Allow-Origin: *
Access-Control-Allow-Methods: POST
Access-Control-Max-Age: 3600
Access-Control-Allow-Headers: Content-Type, Access-Control-Allow-Headers, Authorization, X-Requested-With
Content-Length: 194
Keep-Alive: timeout=5, max=100
Connection: Keep-Alive
Content-Type: application/json;charset=UTF-8

{
    "status": "OK",
    "place_id": "10117a89949e97a04a3cb1fc0c2e676c",
    "scope": "APP",
    "reference": "7abca22c7a52e04ed3abe7c09ec578627abca22c7a52e04ed3abe7c09ec57862",
    "id": "7abca22c7a52e04ed3abe7c09ec57862"
}
  When user calls "AddPlaceRequest" with "POST" HTTP Request                             # stepDefinitions.StepDefinitions.user_calls_with_http_request(java.lang.String,java.lang.String)
  Then verify the status code is 200                                                     # stepDefinitions.StepDefinitions.verify_the_status_code_is(java.lang.Integer)
  And "status" is "OK"  in response body                                                 # stepDefinitions.StepDefinitions.is_in_response_body(java.lang.String,java.lang.String)
Request method:	GET
Request URI:	https://rahulshettyacademy.com/maps/api/place/get/json?key=qaclick123&place_id=10117a89949e97a04a3cb1fc0c2e676c
Proxy:			<none>
Request params:	<none>
Query params:	key=qaclick123
				place_id=10117a89949e97a04a3cb1fc0c2e676c
Form params:	<none>
Path params:	<none>
Headers:		Accept=*/*
				Content-Type=application/json
Cookies:		<none>
Multiparts:		<none>
Body:
{
    "location": {
        "lat": -32.523494,
        "lng": 31.32532525
    },
    "accuracy": 51,
    "name": "Backyard house",
    "phone_number": "(+91) 215 893 3937",
    "address": "31, side layout, neww 09",
    "types": [
        "shoe park",
        "shop"
    ],
    "website": "http://google.com",
    "language": "German"
}
HTTP/1.1 200 OK
Date: Sun, 27 Oct 2024 13:47:03 GMT
Server: Apache/2.4.52 (Ubuntu)
Access-Control-Allow-Origin: *
Access-Control-Allow-Methods: POST
Access-Control-Max-Age: 3600
Access-Control-Allow-Headers: Content-Type, Access-Control-Allow-Headers, Authorization, X-Requested-With
Content-Length: 254
Keep-Alive: timeout=5, max=100
Connection: Keep-Alive
Content-Type: application/json;charset=UTF-8

{
    "location": {
        "latitude": "-32.523494",
        "longitude": "31.32532525"
    },
    "accuracy": "51",
    "name": "Backyard house",
    "phone_number": "(+91) 215 893 3937",
    "address": "31, side layout, neww 09",
    "types": "shoe park,shop",
    "website": "http://google.com",
    "language": "German"
}
  When user calls "GetPlaceRequest" with "GET" HTTP Request                              # stepDefinitions.StepDefinitions.user_calls_with_http_request(java.lang.String,java.lang.String)
  Then verify place_Id created maps to "Backyard house" using getPlaceAPI                # stepDefinitions.StepDefinitions.verify_place_id_created_maps_to_using_get_place_api(java.lang.String)
]]></system-out>
  </testcase>
  <testcase name="To verify Delete Place API" classname="Verify Place API&apos;s" time="1.898">
    <system-out><![CDATA[
@PlaceAPI @DeletePlace
Scenario: To verify Delete Place API                            # src/test/java/features/PlaceAPI.feature:20
  Given Delete Place Payload                                    # stepDefinitions.StepDefinitions.delete_place_payload()
HTTP/1.1 200 OK
Date: Sun, 27 Oct 2024 13:47:05 GMT
Server: Apache/2.4.52 (Ubuntu)
Access-Control-Allow-Origin: *
Access-Control-Allow-Methods: POST
Access-Control-Max-Age: 3600
Access-Control-Allow-Headers: Content-Type, Access-Control-Allow-Headers, Authorization, X-Requested-With
Content-Length: 15
Keep-Alive: timeout=5, max=100
Connection: Keep-Alive
Content-Type: application/json;charset=UTF-8

{
    "status": "OK"
}
  When user calls "DeletePlaceRequest" with "POST" HTTP Request # stepDefinitions.StepDefinitions.user_calls_with_http_request(java.lang.String,java.lang.String)
  Then verify the status code is 200                            # stepDefinitions.StepDefinitions.verify_the_status_code_is(java.lang.Integer)
  And "status" is "OK"  in response body                        # stepDefinitions.StepDefinitions.is_in_response_body(java.lang.String,java.lang.String)
]]></system-out>
  </testcase>
</testsuite>